#
# A fatal error has been detected by the Java Runtime Environment:
#
#  SIGSEGV (0xb) at pc=0x00007fff2180fbde, pid=1244, tid=12039
#
# JRE version: OpenJDK Runtime Environment (15.0.2+7) (build 15.0.2+7-27)
# Java VM: OpenJDK 64-Bit Server VM (15.0.2+7-27, mixed mode, tiered, compressed oops, g1 gc, bsd-amd64)
# Problematic frame:
# C  [AudioToolboxCore+0x28bde]  SampleRateConverter::SetProperty(unsigned int, unsigned int, void const*)+0xd8
#
# No core dump will be written. Core dumps have been disabled. To enable core dumping, try "ulimit -c unlimited" before starting Java again
#
# If you would like to submit a bug report, please visit:
#   https://bugreport.java.com/bugreport/crash.jsp
#

---------------  S U M M A R Y ------------

Command Line: -Dfile.encoding=UTF-8 -XX:+ShowCodeDetailsInExceptionMessages reader.Main

Host: MacBookPro16,1 x86_64 2600 MHz, 12 cores, 16G, Darwin 20.3.0
Time: Mon Apr 26 20:47:42 2021 EDT elapsed time: 351.334628 seconds (0d 0h 5m 51s)

---------------  T H R E A D  ---------------

Current thread is native thread

Stack: [0x0000700005da5000,0x0000700005e25000],  sp=0x0000700005e245d0,  free space=509k
Native frames: (J=compiled Java code, A=aot compiled Java code, j=interpreted, Vv=VM code, C=native code)
C  [AudioToolboxCore+0x28bde]  SampleRateConverter::SetProperty(unsigned int, unsigned int, void const*)+0xd8
C  [AudioToolboxCore+0xf3003]  AudioConverterSetProperty+0x50
C  [CoreAudio+0xb30c]  DefaultOutputAUFactory+0x742c
C  [CoreAudio+0xa236]  DefaultOutputAUFactory+0x6356
C  [CoreAudio+0x66cf]  DefaultOutputAUFactory+0x27ef
C  [CoreAudio+0x63ce]  DefaultOutputAUFactory+0x24ee
C  [CoreAudio+0x522d]  DefaultOutputAUFactory+0x134d
C  [CoreAudio+0x10ebf]  AUGenericOutputFactory+0x3213
C  [CoreAudio+0x21126e]  HALObject::PropertiesChanged(unsigned int, AudioObjectPropertyAddress const*)+0x8d6
C  [CoreAudio+0xcd43e]  HALSystem::PropertiesChanged(unsigned int, AudioObjectPropertyAddress const*)+0x158
C  [CoreAudio+0x1485c7]  HALC_ShellPlugIn::ProxyObject_PropertiesChanged(unsigned int, unsigned int, AudioObjectPropertyAddress const*)+0x309
C  [CoreAudio+0x1bd08a]  HALC_ProxyNotifications::CallListener_f(void*)+0x38
C  [libdispatch.dylib+0x37c7]  _dispatch_client_callout+0x8
C  [libdispatch.dylib+0x95fe]  _dispatch_lane_serial_drain+0x25e
C  [libdispatch.dylib+0xa0fe]  _dispatch_lane_invoke+0x1aa
C  [libdispatch.dylib+0x12857]  _dispatch_root_queue_drain+0x146
C  [libdispatch.dylib+0x12653]  _dispatch_worker_thread+0xda
C  [libsystem_pthread.dylib+0x6950]  _pthread_start+0xe0
C  [libsystem_pthread.dylib+0x247b]  thread_start+0xf


siginfo: si_signo: 11 (SIGSEGV), si_code: 1 (SEGV_MAPERR), si_addr: 0x0000000000000000

Registers:
RAX=0x00007fdc78c2a420, RBX=0x000000002173697a, RCX=0x0000700005e246b4, RDX=0x0000000000000004
RSP=0x0000700005e245d0, RBP=0x0000700005e245f0, RSI=0x0000000070726d6d, RDI=0x0000000000000000
R8 =0x00007fff2180fb06, R9 =0x0000000000000003, R10=0x00007fdc78e00000, R11=0x0000000000000000
R12=0x00007fdc79d5bfd8, R13=0x0000700005e24670, R14=0x00007fdc78c2a420, R15=0x0000700005e246b4
RIP=0x00007fff2180fbde, EFLAGS=0x0000000000010246, ERR=0x0000000000000004
  TRAPNO=0x000000000000000e

Top of Stack: (sp=0x0000700005e245d0)
0x0000700005e245d0:   00007fdc78c2a420 0000700005e246b4
0x0000700005e245e0:   0000000000000004 0000000070726d6d
0x0000700005e245f0:   0000700005e24630 00007fff218da003
0x0000700005e24600:   f691f7829cc10078 0000000000000002
0x0000700005e24610:   f691f7829cc10078 00007fdc7b067a94
0x0000700005e24620:   00007fdc79d5bef0 00007fdc79d5bfe0
0x0000700005e24630:   0000700005e24710 0000000107ddf30c
0x0000700005e24640:   00007fdc78c16090 40e5888000000000
0x0000700005e24650:   0000000c6c70636d 0000000100000004
0x0000700005e24660:   0000000200000004 0000000000000010
0x0000700005e24670:   40e7700000000000 000000096c70636d
0x0000700005e24680:   0000000100000008 0000000200000008
0x0000700005e24690:   0000000000000020 00007fdc79d5c160
0x0000700005e246a0:   0000000200000000 00007fdc79d5bef0
0x0000700005e246b0:   0000000278c160c0 00007fdc00000000
0x0000700005e246c0:   00007fdc7b067a38 0000000000000100
0x0000700005e246d0:   6f75747064636801 00007fdc79d5bef0
0x0000700005e246e0:   00007fdc7b067840 00007fdc7b067840
0x0000700005e246f0:   0000000000000001 00007fdc7b067840
0x0000700005e24700:   0000000000000000 0000000000000000
0x0000700005e24710:   0000700005e24740 0000000107dde236
0x0000700005e24720:   0000000107f3c728 0000000000000001
0x0000700005e24730:   0000000000000000 0000000000000000
0x0000700005e24740:   0000700005e24780 0000000107dda6cf
0x0000700005e24750:   0000020000000000 0000000000000001
0x0000700005e24760:   00007fdc7b067b48 0000000000000000
0x0000700005e24770:   0000000000000200 00007fdc7b067840
0x0000700005e24780:   0000700005e24880 0000000107dda3ce
0x0000700005e24790:   00007fdc7b067c98 00007fdc7b067b48
0x0000700005e247a0:   00007fdc7b067c80 0000000000000000
0x0000700005e247b0:   00007fdc7b067898 00007fdc7b0678c8
0x0000700005e247c0:   00007fdc7b067db8 00007fdc7b067dc0 

Instructions: (pc=0x00007fff2180fbde)
0x00007fff2180fade:   44 c2 01 c8 31 db 31 d2 41 f7 f7 48 8b 0f 89 c6
0x00007fff2180faee:   ff 51 50 41 0f af c7 41 89 06 89 d8 48 83 c4 08
0x00007fff2180fafe:   5b 41 5e 41 5f 5d c3 90 55 48 89 e5 41 57 41 56
0x00007fff2180fb0e:   53 50 49 89 cf 49 89 fe bb 70 6f 72 70 81 fe 68
0x00007fff2180fb1e:   63 72 73 7f 1e 81 fe 70 6e 69 6d 74 75 81 fe 6d
0x00007fff2180fb2e:   6d 72 70 0f 84 96 00 00 00 81 fe 61 63 72 73 74
0x00007fff2180fb3e:   22 eb 7f 81 fe 71 63 72 73 0f 84 b6 00 00 00 81
0x00007fff2180fb4e:   fe 70 63 72 73 0f 84 d3 00 00 00 81 fe 69 63 72
0x00007fff2180fb5e:   73 75 5f bb 7a 69 73 21 83 fa 04 75 55 41 8b 07
0x00007fff2180fb6e:   3d 6f 6e 69 6d 0f 8f 03 01 00 00 3d 73 74 61 62
0x00007fff2180fb7e:   0f 84 26 01 00 00 3d 65 6e 69 6c 75 2b 81 fe 69
0x00007fff2180fb8e:   63 72 73 74 23 41 c7 86 d8 00 00 00 65 6e 69 6c
0x00007fff2180fb9e:   eb 16 bb 7a 69 73 21 83 fa 04 75 16 41 83 3f 00
0x00007fff2180fbae:   41 0f 95 86 00 01 00 00 4c 89 f7 e8 6a 10 00 00
0x00007fff2180fbbe:   31 db 89 d8 48 83 c4 08 5b 41 5e 41 5f 5d c3 bb
0x00007fff2180fbce:   7a 69 73 21 83 fa 04 75 e9 49 8b be d0 00 00 00
0x00007fff2180fbde:   48 8b 07 ff 50 20 31 db 84 c0 74 d6 41 8b 37 41
0x00007fff2180fbee:   89 b6 e0 00 00 00 49 8b be d0 00 00 00 48 8b 07
0x00007fff2180fbfe:   ff 50 30 eb bd bb 7a 69 73 21 83 fa 04 75 b3 41
0x00007fff2180fc0e:   8b 07 bb ce ff ff ff 83 f8 7f 77 a6 41 39 86 dc
0x00007fff2180fc1e:   00 00 00 74 93 41 89 86 dc 00 00 00 eb 8a bb 7a
0x00007fff2180fc2e:   69 73 21 83 fa 08 75 8a f2 41 0f 10 07 66 0f 57
0x00007fff2180fc3e:   c9 66 0f 2e c8 bb ce ff ff ff 0f 87 72 ff ff ff
0x00007fff2180fc4e:   66 0f 2e 05 fa 43 20 00 0f 83 64 ff ff ff f2 41
0x00007fff2180fc5e:   0f 11 86 f8 00 00 00 49 8b be d0 00 00 00 f2 41
0x00007fff2180fc6e:   0f 10 07 48 8b 07 ff 50 40 e9 42 ff ff ff 3d 6d
0x00007fff2180fc7e:   72 6f 6e 74 43 3d 70 6e 69 6d 0f 85 28 ff ff ff
0x00007fff2180fc8e:   81 fe 69 63 72 73 0f 84 1c ff ff ff 41 c7 86 d8
0x00007fff2180fc9e:   00 00 00 70 6e 69 6d e9 0c ff ff ff 81 fe 69 63
0x00007fff2180fcae:   72 73 0f 84 00 ff ff ff 41 c7 86 d8 00 00 00 73
0x00007fff2180fcbe:   74 61 62 e9 f0 fe ff ff 81 fe 69 63 72 73 0f 84
0x00007fff2180fcce:   e4 fe ff ff 41 c7 86 d8 00 00 00 6d 72 6f 6e e9 



---------------  P R O C E S S  ---------------

VM state: at safepoint (shutting down)

VM Mutex/Monitor currently owned by a thread:  ([mutex/lock_event])
[0x00007fdc78f17ac0] Threads_lock - owner thread: 0x00007fdc79d17af0
[0x00007fdc78f18780] Heap_lock - owner thread: 0x00007fdc7a85f200

Heap address: 0x0000000700000000, size: 4096 MB, Compressed Oops mode: Zero based, Oop shift amount: 3
CDS disabled.
Compressed class space mapped at: 0x0000000800000000-0x0000000840000000, size: 1073741824
Narrow klass base: 0x0000000800000000, Narrow klass shift: 0, Narrow klass range: 0x40000000

GC Precious Log:
 CPUs: 12 total, 12 available
 Memory: 16384M
 Large Page Support: Disabled
 NUMA Support: Disabled
 Compressed Oops: Enabled (Zero based)
 Heap Region Size: 2M
 Heap Min Capacity: 8M
 Heap Initial Capacity: 256M
 Heap Max Capacity: 4G
 Pre-touch: Disabled
 Parallel Workers: 10
 Concurrent Workers: 3
 Concurrent Refinement Workers: 10
 Periodic GC: Disabled

Heap:
 garbage-first heap   total 262144K, used 16384K [0x0000000700000000, 0x0000000800000000)
  region size 2048K, 8 young (16384K), 0 survivors (0K)
 Metaspace       used 8955K, capacity 9125K, committed 9344K, reserved 1058816K
  class space    used 817K, capacity 860K, committed 896K, reserved 1048576K

Heap Regions: E=young(eden), S=young(survivor), O=old, HS=humongous(starts), HC=humongous(continues), CS=collection set, F=free, OA=open archive, CA=closed archive, TAMS=top-at-mark-start (previous, next)
|   0|0x0000000700000000, 0x0000000700200000, 0x0000000700200000|100%|HS|  |TAMS 0x0000000700000000, 0x0000000700000000| Complete 
|   1|0x0000000700200000, 0x0000000700200000, 0x0000000700400000|  0%| F|  |TAMS 0x0000000700200000, 0x0000000700200000| Untracked 
|   2|0x0000000700400000, 0x0000000700400000, 0x0000000700600000|  0%| F|  |TAMS 0x0000000700400000, 0x0000000700400000| Untracked 
|   3|0x0000000700600000, 0x0000000700600000, 0x0000000700800000|  0%| F|  |TAMS 0x0000000700600000, 0x0000000700600000| Untracked 
|   4|0x0000000700800000, 0x0000000700800000, 0x0000000700a00000|  0%| F|  |TAMS 0x0000000700800000, 0x0000000700800000| Untracked 
|   5|0x0000000700a00000, 0x0000000700a00000, 0x0000000700c00000|  0%| F|  |TAMS 0x0000000700a00000, 0x0000000700a00000| Untracked 
|   6|0x0000000700c00000, 0x0000000700c00000, 0x0000000700e00000|  0%| F|  |TAMS 0x0000000700c00000, 0x0000000700c00000| Untracked 
|   7|0x0000000700e00000, 0x0000000700e00000, 0x0000000701000000|  0%| F|  |TAMS 0x0000000700e00000, 0x0000000700e00000| Untracked 
|   8|0x0000000701000000, 0x0000000701000000, 0x0000000701200000|  0%| F|  |TAMS 0x0000000701000000, 0x0000000701000000| Untracked 
|   9|0x0000000701200000, 0x0000000701200000, 0x0000000701400000|  0%| F|  |TAMS 0x0000000701200000, 0x0000000701200000| Untracked 
|  10|0x0000000701400000, 0x0000000701400000, 0x0000000701600000|  0%| F|  |TAMS 0x0000000701400000, 0x0000000701400000| Untracked 
|  11|0x0000000701600000, 0x0000000701600000, 0x0000000701800000|  0%| F|  |TAMS 0x0000000701600000, 0x0000000701600000| Untracked 
|  12|0x0000000701800000, 0x0000000701800000, 0x0000000701a00000|  0%| F|  |TAMS 0x0000000701800000, 0x0000000701800000| Untracked 
|  13|0x0000000701a00000, 0x0000000701a00000, 0x0000000701c00000|  0%| F|  |TAMS 0x0000000701a00000, 0x0000000701a00000| Untracked 
|  14|0x0000000701c00000, 0x0000000701c00000, 0x0000000701e00000|  0%| F|  |TAMS 0x0000000701c00000, 0x0000000701c00000| Untracked 
|  15|0x0000000701e00000, 0x0000000701e00000, 0x0000000702000000|  0%| F|  |TAMS 0x0000000701e00000, 0x0000000701e00000| Untracked 
|  16|0x0000000702000000, 0x0000000702000000, 0x0000000702200000|  0%| F|  |TAMS 0x0000000702000000, 0x0000000702000000| Untracked 
|  17|0x0000000702200000, 0x0000000702200000, 0x0000000702400000|  0%| F|  |TAMS 0x0000000702200000, 0x0000000702200000| Untracked 
|  18|0x0000000702400000, 0x0000000702400000, 0x0000000702600000|  0%| F|  |TAMS 0x0000000702400000, 0x0000000702400000| Untracked 
|  19|0x0000000702600000, 0x0000000702600000, 0x0000000702800000|  0%| F|  |TAMS 0x0000000702600000, 0x0000000702600000| Untracked 
|  20|0x0000000702800000, 0x0000000702800000, 0x0000000702a00000|  0%| F|  |TAMS 0x0000000702800000, 0x0000000702800000| Untracked 
|  21|0x0000000702a00000, 0x0000000702a00000, 0x0000000702c00000|  0%| F|  |TAMS 0x0000000702a00000, 0x0000000702a00000| Untracked 
|  22|0x0000000702c00000, 0x0000000702c00000, 0x0000000702e00000|  0%| F|  |TAMS 0x0000000702c00000, 0x0000000702c00000| Untracked 
|  23|0x0000000702e00000, 0x0000000702e00000, 0x0000000703000000|  0%| F|  |TAMS 0x0000000702e00000, 0x0000000702e00000| Untracked 
|  24|0x0000000703000000, 0x0000000703000000, 0x0000000703200000|  0%| F|  |TAMS 0x0000000703000000, 0x0000000703000000| Untracked 
|  25|0x0000000703200000, 0x0000000703200000, 0x0000000703400000|  0%| F|  |TAMS 0x0000000703200000, 0x0000000703200000| Untracked 
|  26|0x0000000703400000, 0x0000000703400000, 0x0000000703600000|  0%| F|  |TAMS 0x0000000703400000, 0x0000000703400000| Untracked 
|  27|0x0000000703600000, 0x0000000703600000, 0x0000000703800000|  0%| F|  |TAMS 0x0000000703600000, 0x0000000703600000| Untracked 
|  28|0x0000000703800000, 0x0000000703800000, 0x0000000703a00000|  0%| F|  |TAMS 0x0000000703800000, 0x0000000703800000| Untracked 
|  29|0x0000000703a00000, 0x0000000703a00000, 0x0000000703c00000|  0%| F|  |TAMS 0x0000000703a00000, 0x0000000703a00000| Untracked 
|  30|0x0000000703c00000, 0x0000000703c00000, 0x0000000703e00000|  0%| F|  |TAMS 0x0000000703c00000, 0x0000000703c00000| Untracked 
|  31|0x0000000703e00000, 0x0000000703e00000, 0x0000000704000000|  0%| F|  |TAMS 0x0000000703e00000, 0x0000000703e00000| Untracked 
|  32|0x0000000704000000, 0x0000000704000000, 0x0000000704200000|  0%| F|  |TAMS 0x0000000704000000, 0x0000000704000000| Untracked 
|  33|0x0000000704200000, 0x0000000704200000, 0x0000000704400000|  0%| F|  |TAMS 0x0000000704200000, 0x0000000704200000| Untracked 
|  34|0x0000000704400000, 0x0000000704400000, 0x0000000704600000|  0%| F|  |TAMS 0x0000000704400000, 0x0000000704400000| Untracked 
|  35|0x0000000704600000, 0x0000000704600000, 0x0000000704800000|  0%| F|  |TAMS 0x0000000704600000, 0x0000000704600000| Untracked 
|  36|0x0000000704800000, 0x0000000704800000, 0x0000000704a00000|  0%| F|  |TAMS 0x0000000704800000, 0x0000000704800000| Untracked 
|  37|0x0000000704a00000, 0x0000000704a00000, 0x0000000704c00000|  0%| F|  |TAMS 0x0000000704a00000, 0x0000000704a00000| Untracked 
|  38|0x0000000704c00000, 0x0000000704c00000, 0x0000000704e00000|  0%| F|  |TAMS 0x0000000704c00000, 0x0000000704c00000| Untracked 
|  39|0x0000000704e00000, 0x0000000704e00000, 0x0000000705000000|  0%| F|  |TAMS 0x0000000704e00000, 0x0000000704e00000| Untracked 
|  40|0x0000000705000000, 0x0000000705000000, 0x0000000705200000|  0%| F|  |TAMS 0x0000000705000000, 0x0000000705000000| Untracked 
|  41|0x0000000705200000, 0x0000000705200000, 0x0000000705400000|  0%| F|  |TAMS 0x0000000705200000, 0x0000000705200000| Untracked 
|  42|0x0000000705400000, 0x0000000705400000, 0x0000000705600000|  0%| F|  |TAMS 0x0000000705400000, 0x0000000705400000| Untracked 
|  43|0x0000000705600000, 0x0000000705600000, 0x0000000705800000|  0%| F|  |TAMS 0x0000000705600000, 0x0000000705600000| Untracked 
|  44|0x0000000705800000, 0x0000000705800000, 0x0000000705a00000|  0%| F|  |TAMS 0x0000000705800000, 0x0000000705800000| Untracked 
|  45|0x0000000705a00000, 0x0000000705a00000, 0x0000000705c00000|  0%| F|  |TAMS 0x0000000705a00000, 0x0000000705a00000| Untracked 
|  46|0x0000000705c00000, 0x0000000705c00000, 0x0000000705e00000|  0%| F|  |TAMS 0x0000000705c00000, 0x0000000705c00000| Untracked 
|  47|0x0000000705e00000, 0x0000000705e00000, 0x0000000706000000|  0%| F|  |TAMS 0x0000000705e00000, 0x0000000705e00000| Untracked 
|  48|0x0000000706000000, 0x0000000706000000, 0x0000000706200000|  0%| F|  |TAMS 0x0000000706000000, 0x0000000706000000| Untracked 
|  49|0x0000000706200000, 0x0000000706200000, 0x0000000706400000|  0%| F|  |TAMS 0x0000000706200000, 0x0000000706200000| Untracked 
|  50|0x0000000706400000, 0x0000000706400000, 0x0000000706600000|  0%| F|  |TAMS 0x0000000706400000, 0x0000000706400000| Untracked 
|  51|0x0000000706600000, 0x0000000706600000, 0x0000000706800000|  0%| F|  |TAMS 0x0000000706600000, 0x0000000706600000| Untracked 
|  52|0x0000000706800000, 0x0000000706800000, 0x0000000706a00000|  0%| F|  |TAMS 0x0000000706800000, 0x0000000706800000| Untracked 
|  53|0x0000000706a00000, 0x0000000706a00000, 0x0000000706c00000|  0%| F|  |TAMS 0x0000000706a00000, 0x0000000706a00000| Untracked 
|  54|0x0000000706c00000, 0x0000000706c00000, 0x0000000706e00000|  0%| F|  |TAMS 0x0000000706c00000, 0x0000000706c00000| Untracked 
|  55|0x0000000706e00000, 0x0000000706e00000, 0x0000000707000000|  0%| F|  |TAMS 0x0000000706e00000, 0x0000000706e00000| Untracked 
|  56|0x0000000707000000, 0x0000000707000000, 0x0000000707200000|  0%| F|  |TAMS 0x0000000707000000, 0x0000000707000000| Untracked 
|  57|0x0000000707200000, 0x0000000707200000, 0x0000000707400000|  0%| F|  |TAMS 0x0000000707200000, 0x0000000707200000| Untracked 
|  58|0x0000000707400000, 0x0000000707400000, 0x0000000707600000|  0%| F|  |TAMS 0x0000000707400000, 0x0000000707400000| Untracked 
|  59|0x0000000707600000, 0x0000000707600000, 0x0000000707800000|  0%| F|  |TAMS 0x0000000707600000, 0x0000000707600000| Untracked 
|  60|0x0000000707800000, 0x0000000707800000, 0x0000000707a00000|  0%| F|  |TAMS 0x0000000707800000, 0x0000000707800000| Untracked 
|  61|0x0000000707a00000, 0x0000000707a00000, 0x0000000707c00000|  0%| F|  |TAMS 0x0000000707a00000, 0x0000000707a00000| Untracked 
|  62|0x0000000707c00000, 0x0000000707c00000, 0x0000000707e00000|  0%| F|  |TAMS 0x0000000707c00000, 0x0000000707c00000| Untracked 
|  63|0x0000000707e00000, 0x0000000707e00000, 0x0000000708000000|  0%| F|  |TAMS 0x0000000707e00000, 0x0000000707e00000| Untracked 
|  64|0x0000000708000000, 0x0000000708000000, 0x0000000708200000|  0%| F|  |TAMS 0x0000000708000000, 0x0000000708000000| Untracked 
|  65|0x0000000708200000, 0x0000000708200000, 0x0000000708400000|  0%| F|  |TAMS 0x0000000708200000, 0x0000000708200000| Untracked 
|  66|0x0000000708400000, 0x0000000708400000, 0x0000000708600000|  0%| F|  |TAMS 0x0000000708400000, 0x0000000708400000| Untracked 
|  67|0x0000000708600000, 0x0000000708600000, 0x0000000708800000|  0%| F|  |TAMS 0x0000000708600000, 0x0000000708600000| Untracked 
|  68|0x0000000708800000, 0x0000000708800000, 0x0000000708a00000|  0%| F|  |TAMS 0x0000000708800000, 0x0000000708800000| Untracked 
|  69|0x0000000708a00000, 0x0000000708a00000, 0x0000000708c00000|  0%| F|  |TAMS 0x0000000708a00000, 0x0000000708a00000| Untracked 
|  70|0x0000000708c00000, 0x0000000708c00000, 0x0000000708e00000|  0%| F|  |TAMS 0x0000000708c00000, 0x0000000708c00000| Untracked 
|  71|0x0000000708e00000, 0x0000000708e00000, 0x0000000709000000|  0%| F|  |TAMS 0x0000000708e00000, 0x0000000708e00000| Untracked 
|  72|0x0000000709000000, 0x0000000709000000, 0x0000000709200000|  0%| F|  |TAMS 0x0000000709000000, 0x0000000709000000| Untracked 
|  73|0x0000000709200000, 0x0000000709200000, 0x0000000709400000|  0%| F|  |TAMS 0x0000000709200000, 0x0000000709200000| Untracked 
|  74|0x0000000709400000, 0x0000000709400000, 0x0000000709600000|  0%| F|  |TAMS 0x0000000709400000, 0x0000000709400000| Untracked 
|  75|0x0000000709600000, 0x0000000709600000, 0x0000000709800000|  0%| F|  |TAMS 0x0000000709600000, 0x0000000709600000| Untracked 
|  76|0x0000000709800000, 0x0000000709800000, 0x0000000709a00000|  0%| F|  |TAMS 0x0000000709800000, 0x0000000709800000| Untracked 
|  77|0x0000000709a00000, 0x0000000709a00000, 0x0000000709c00000|  0%| F|  |TAMS 0x0000000709a00000, 0x0000000709a00000| Untracked 
|  78|0x0000000709c00000, 0x0000000709c00000, 0x0000000709e00000|  0%| F|  |TAMS 0x0000000709c00000, 0x0000000709c00000| Untracked 
|  79|0x0000000709e00000, 0x0000000709e00000, 0x000000070a000000|  0%| F|  |TAMS 0x0000000709e00000, 0x0000000709e00000| Untracked 
|  80|0x000000070a000000, 0x000000070a000000, 0x000000070a200000|  0%| F|  |TAMS 0x000000070a000000, 0x000000070a000000| Untracked 
|  81|0x000000070a200000, 0x000000070a200000, 0x000000070a400000|  0%| F|  |TAMS 0x000000070a200000, 0x000000070a200000| Untracked 
|  82|0x000000070a400000, 0x000000070a400000, 0x000000070a600000|  0%| F|  |TAMS 0x000000070a400000, 0x000000070a400000| Untracked 
|  83|0x000000070a600000, 0x000000070a600000, 0x000000070a800000|  0%| F|  |TAMS 0x000000070a600000, 0x000000070a600000| Untracked 
|  84|0x000000070a800000, 0x000000070a800000, 0x000000070aa00000|  0%| F|  |TAMS 0x000000070a800000, 0x000000070a800000| Untracked 
|  85|0x000000070aa00000, 0x000000070aa00000, 0x000000070ac00000|  0%| F|  |TAMS 0x000000070aa00000, 0x000000070aa00000| Untracked 
|  86|0x000000070ac00000, 0x000000070ac00000, 0x000000070ae00000|  0%| F|  |TAMS 0x000000070ac00000, 0x000000070ac00000| Untracked 
|  87|0x000000070ae00000, 0x000000070ae00000, 0x000000070b000000|  0%| F|  |TAMS 0x000000070ae00000, 0x000000070ae00000| Untracked 
|  88|0x000000070b000000, 0x000000070b000000, 0x000000070b200000|  0%| F|  |TAMS 0x000000070b000000, 0x000000070b000000| Untracked 
|  89|0x000000070b200000, 0x000000070b200000, 0x000000070b400000|  0%| F|  |TAMS 0x000000070b200000, 0x000000070b200000| Untracked 
|  90|0x000000070b400000, 0x000000070b400000, 0x000000070b600000|  0%| F|  |TAMS 0x000000070b400000, 0x000000070b400000| Untracked 
|  91|0x000000070b600000, 0x000000070b600000, 0x000000070b800000|  0%| F|  |TAMS 0x000000070b600000, 0x000000070b600000| Untracked 
|  92|0x000000070b800000, 0x000000070b800000, 0x000000070ba00000|  0%| F|  |TAMS 0x000000070b800000, 0x000000070b800000| Untracked 
|  93|0x000000070ba00000, 0x000000070ba00000, 0x000000070bc00000|  0%| F|  |TAMS 0x000000070ba00000, 0x000000070ba00000| Untracked 
|  94|0x000000070bc00000, 0x000000070bc00000, 0x000000070be00000|  0%| F|  |TAMS 0x000000070bc00000, 0x000000070bc00000| Untracked 
|  95|0x000000070be00000, 0x000000070be00000, 0x000000070c000000|  0%| F|  |TAMS 0x000000070be00000, 0x000000070be00000| Untracked 
|  96|0x000000070c000000, 0x000000070c000000, 0x000000070c200000|  0%| F|  |TAMS 0x000000070c000000, 0x000000070c000000| Untracked 
|  97|0x000000070c200000, 0x000000070c200000, 0x000000070c400000|  0%| F|  |TAMS 0x000000070c200000, 0x000000070c200000| Untracked 
|  98|0x000000070c400000, 0x000000070c400000, 0x000000070c600000|  0%| F|  |TAMS 0x000000070c400000, 0x000000070c400000| Untracked 
|  99|0x000000070c600000, 0x000000070c600000, 0x000000070c800000|  0%| F|  |TAMS 0x000000070c600000, 0x000000070c600000| Untracked 
| 100|0x000000070c800000, 0x000000070c800000, 0x000000070ca00000|  0%| F|  |TAMS 0x000000070c800000, 0x000000070c800000| Untracked 
| 101|0x000000070ca00000, 0x000000070ca00000, 0x000000070cc00000|  0%| F|  |TAMS 0x000000070ca00000, 0x000000070ca00000| Untracked 
| 102|0x000000070cc00000, 0x000000070cc00000, 0x000000070ce00000|  0%| F|  |TAMS 0x000000070cc00000, 0x000000070cc00000| Untracked 
| 103|0x000000070ce00000, 0x000000070ce00000, 0x000000070d000000|  0%| F|  |TAMS 0x000000070ce00000, 0x000000070ce00000| Untracked 
| 104|0x000000070d000000, 0x000000070d000000, 0x000000070d200000|  0%| F|  |TAMS 0x000000070d000000, 0x000000070d000000| Untracked 
| 105|0x000000070d200000, 0x000000070d200000, 0x000000070d400000|  0%| F|  |TAMS 0x000000070d200000, 0x000000070d200000| Untracked 
| 106|0x000000070d400000, 0x000000070d400000, 0x000000070d600000|  0%| F|  |TAMS 0x000000070d400000, 0x000000070d400000| Untracked 
| 107|0x000000070d600000, 0x000000070d600000, 0x000000070d800000|  0%| F|  |TAMS 0x000000070d600000, 0x000000070d600000| Untracked 
| 108|0x000000070d800000, 0x000000070d800000, 0x000000070da00000|  0%| F|  |TAMS 0x000000070d800000, 0x000000070d800000| Untracked 
| 109|0x000000070da00000, 0x000000070da00000, 0x000000070dc00000|  0%| F|  |TAMS 0x000000070da00000, 0x000000070da00000| Untracked 
| 110|0x000000070dc00000, 0x000000070dc00000, 0x000000070de00000|  0%| F|  |TAMS 0x000000070dc00000, 0x000000070dc00000| Untracked 
| 111|0x000000070de00000, 0x000000070de00000, 0x000000070e000000|  0%| F|  |TAMS 0x000000070de00000, 0x000000070de00000| Untracked 
| 112|0x000000070e000000, 0x000000070e000000, 0x000000070e200000|  0%| F|  |TAMS 0x000000070e000000, 0x000000070e000000| Untracked 
| 113|0x000000070e200000, 0x000000070e200000, 0x000000070e400000|  0%| F|  |TAMS 0x000000070e200000, 0x000000070e200000| Untracked 
| 114|0x000000070e400000, 0x000000070e400000, 0x000000070e600000|  0%| F|  |TAMS 0x000000070e400000, 0x000000070e400000| Untracked 
| 115|0x000000070e600000, 0x000000070e600000, 0x000000070e800000|  0%| F|  |TAMS 0x000000070e600000, 0x000000070e600000| Untracked 
| 116|0x000000070e800000, 0x000000070e800000, 0x000000070ea00000|  0%| F|  |TAMS 0x000000070e800000, 0x000000070e800000| Untracked 
| 117|0x000000070ea00000, 0x000000070ea00000, 0x000000070ec00000|  0%| F|  |TAMS 0x000000070ea00000, 0x000000070ea00000| Untracked 
| 118|0x000000070ec00000, 0x000000070ec00000, 0x000000070ee00000|  0%| F|  |TAMS 0x000000070ec00000, 0x000000070ec00000| Untracked 
| 119|0x000000070ee00000, 0x000000070ee00000, 0x000000070f000000|  0%| F|  |TAMS 0x000000070ee00000, 0x000000070ee00000| Untracked 
| 120|0x000000070f000000, 0x000000070f1527b8, 0x000000070f200000| 66%| E|  |TAMS 0x000000070f000000, 0x000000070f000000| Complete 
| 121|0x000000070f200000, 0x000000070f400000, 0x000000070f400000|100%| E|CS|TAMS 0x000000070f200000, 0x000000070f200000| Complete 
| 122|0x000000070f400000, 0x000000070f600000, 0x000000070f600000|100%| E|CS|TAMS 0x000000070f400000, 0x000000070f400000| Complete 
| 123|0x000000070f600000, 0x000000070f800000, 0x000000070f800000|100%| E|CS|TAMS 0x000000070f600000, 0x000000070f600000| Complete 
| 124|0x000000070f800000, 0x000000070fa00000, 0x000000070fa00000|100%| E|CS|TAMS 0x000000070f800000, 0x000000070f800000| Complete 
| 125|0x000000070fa00000, 0x000000070fc00000, 0x000000070fc00000|100%| E|CS|TAMS 0x000000070fa00000, 0x000000070fa00000| Complete 
| 126|0x000000070fc00000, 0x000000070fe00000, 0x000000070fe00000|100%| E|CS|TAMS 0x000000070fc00000, 0x000000070fc00000| Complete 
| 127|0x000000070fe00000, 0x0000000710000000, 0x0000000710000000|100%| E|CS|TAMS 0x000000070fe00000, 0x000000070fe00000| Complete 

Card table byte_map: [0x00000001074cb000,0x0000000107ccb000] _byte_map_base: 0x0000000103ccb000

Marking Bits (Prev, Next): (CMBitMap*) 0x00007fdc7900b810, (CMBitMap*) 0x00007fdc7900b850
 Prev Bits: [0x000000011e000000, 0x0000000122000000)
 Next Bits: [0x0000000122000000, 0x0000000126000000)

Polling page: 0x00000001020ce000

Metaspace:

Usage:
  Non-class:      8.07 MB capacity,     7.95 MB ( 98%) used,   114.93 KB (  1%) free+waste,    11.25 KB ( <1%) overhead. 
      Class:    860.00 KB capacity,   817.01 KB ( 95%) used,    38.80 KB (  5%) free+waste,     4.19 KB ( <1%) overhead. 
       Both:      8.91 MB capacity,     8.75 MB ( 98%) used,   153.73 KB (  2%) free+waste,    15.44 KB ( <1%) overhead. 

Virtual space:
  Non-class space:       10.00 MB reserved,       8.25 MB ( 82%) committed 
      Class space:        1.00 GB reserved,     896.00 KB ( <1%) committed 
             Both:        1.01 GB reserved,       9.12 MB ( <1%) committed 

Chunk freelists:
   Non-Class:  71.00 KB
       Class:  4.00 KB
        Both:  75.00 KB

MaxMetaspaceSize: 17179869184.00 GB
CompressedClassSpaceSize: 1.00 GB

CodeHeap 'non-profiled nmethods': size=120028Kb used=610Kb max_used=610Kb free=119417Kb
 bounds [0x00000001162c9000, 0x0000000116539000, 0x000000011d800000]
CodeHeap 'profiled nmethods': size=120028Kb used=1442Kb max_used=1442Kb free=118585Kb
 bounds [0x000000010ed92000, 0x000000010f002000, 0x00000001162c9000]
CodeHeap 'non-nmethods': size=5704Kb used=1148Kb max_used=1211Kb free=4555Kb
 bounds [0x000000010e800000, 0x000000010ea70000, 0x000000010ed92000]
 total_blobs=1210 nmethods=806 adapters=318
 compilation: enabled
              stopped_count=0, restarted_count=0
 full_count=0

Compilation events (20 events):
Event: 211.111 Thread 0x00007fdc790f1a00  797   !   3       com.sun.media.sound.SoftJitterCorrector$JitterStream$1::run (553 bytes)
Event: 211.112 Thread 0x00007fdc790f1a00 nmethod 797 0x000000010eef3710 code [0x000000010eef3a00, 0x000000010eef4b80]
Event: 235.130 Thread 0x00007fdc790f1a00  798       1       com.sun.media.sound.AbstractMidiDevice$BasicTransmitter::getReceiver (5 bytes)
Event: 235.131 Thread 0x00007fdc790f1a00 nmethod 798 0x000000011635e190 code [0x000000011635e320, 0x000000011635e3d0]
Event: 238.975 Thread 0x00007fdc790f1a00  799 % !   3       com.sun.media.sound.SoftJitterCorrector$JitterStream$1::run @ 59 (553 bytes)
Event: 238.977 Thread 0x00007fdc790f1a00 nmethod 799% 0x000000010eef5590 code [0x000000010eef5880, 0x000000010eef6b40]
Event: 254.037 Thread 0x00007fdc790f1a00  800       3       com.sun.media.sound.FastShortMessage::getCommand (9 bytes)
Event: 254.037 Thread 0x00007fdc790f1a00 nmethod 800 0x000000010eef7590 code [0x000000010eef7720, 0x000000010eef7810]
Event: 330.366 Thread 0x00007fdc790f1a00  801   !   3       com.sun.media.sound.AbstractMidiDevice::getTransmitterList (41 bytes)
Event: 330.366 Thread 0x00007fdc790f1a00 nmethod 801 0x000000010eef7890 code [0x000000010eef7a80, 0x000000010eef8170]
Event: 330.986 Thread 0x00007fdc790f1a00  802       3       com.sun.media.sound.MidiInDevice::callbackShortMessage (24 bytes)
Event: 330.986 Thread 0x00007fdc790f1a00 nmethod 802 0x000000010eef8390 code [0x000000010eef8540, 0x000000010eef8750]
Event: 330.986 Thread 0x00007fdc790f1a00  803   !   3       com.sun.media.sound.AbstractMidiDevice$TransmitterList::sendMessage (168 bytes)
Event: 330.987 Thread 0x00007fdc790f1a00 nmethod 803 0x000000010eef8890 code [0x000000010eef8b60, 0x000000010eef9cc0]
Event: 330.987 Thread 0x00007fdc790f1a00  804       3       com.sun.media.sound.FastShortMessage::<init> (20 bytes)
Event: 330.987 Thread 0x00007fdc790f1a00 nmethod 804 0x000000010eefa510 code [0x000000010eefa6c0, 0x000000010eefa830]
Event: 346.934 Thread 0x00007fdc7a80ba00  805 % !   4       com.sun.media.sound.SoftJitterCorrector$JitterStream$1::run @ 421 (553 bytes)
Event: 346.942 Thread 0x00007fdc7a80ba00 nmethod 805% 0x000000011635e490 code [0x000000011635e680, 0x000000011635f728]
Event: 350.417 Thread 0x00007fdc7a80ba00  806 % !   4       com.sun.media.sound.SoftJitterCorrector$JitterStream$1::run @ 59 (553 bytes)
Event: 350.428 Thread 0x00007fdc7a80ba00 nmethod 806% 0x0000000116360290 code [0x0000000116360460, 0x00000001163610c8]

GC Heap History (0 events):
No events

Deoptimization events (20 events):
Event: 18.533 Thread 0x00007fdc790fd800 DEOPT PACKING pc=0x000000011635494c sp=0x000070000746c810
Event: 18.533 Thread 0x00007fdc790fd800 DEOPT UNPACKING pc=0x000000010e84e125 sp=0x000070000746c718 mode 2
Event: 18.533 Thread 0x00007fdc790fd800 Uncommon trap: trap_request=0xffffff45 fr.pc=0x0000000116331678 relative=0x0000000000000858
Event: 18.533 Thread 0x00007fdc790fd800 Uncommon trap: reason=unstable_if action=reinterpret pc=0x0000000116331678 method=com.sun.media.sound.SoftLimiter.processAudio()V @ 7 c2
Event: 18.533 Thread 0x00007fdc790fd800 DEOPT PACKING pc=0x0000000116331678 sp=0x000070000746c6d0
Event: 18.533 Thread 0x00007fdc790fd800 DEOPT UNPACKING pc=0x000000010e84e125 sp=0x000070000746c630 mode 2
Event: 18.554 Thread 0x00007fdc790fd800 Uncommon trap: trap_request=0xffffff45 fr.pc=0x000000011635181c relative=0x0000000000000c9c
Event: 18.554 Thread 0x00007fdc790fd800 Uncommon trap: reason=unstable_if action=reinterpret pc=0x000000011635181c method=com.sun.media.sound.SoftMainMixer.processAudioBuffers()V @ 1928 c2
Event: 18.554 Thread 0x00007fdc790fd800 DEOPT PACKING pc=0x000000011635181c sp=0x000070000746c820
Event: 18.554 Thread 0x00007fdc790fd800 DEOPT UNPACKING pc=0x000000010e84e125 sp=0x000070000746c718 mode 2
Event: 235.492 Thread 0x00007fdc790fd800 DEOPT PACKING pc=0x000000010eef2a38 sp=0x000070000746ca00
Event: 235.492 Thread 0x00007fdc790fd800 DEOPT UNPACKING pc=0x000000010e84df2b sp=0x000070000746bf30 mode 0
Event: 263.356 Thread 0x00007fdc790fd800 DEOPT PACKING pc=0x000000010eef6994 sp=0x000070000746ca40
Event: 263.356 Thread 0x00007fdc790fd800 DEOPT UNPACKING pc=0x000000010e84df2b sp=0x000070000746bf30 mode 0
Event: 291.212 Thread 0x00007fdc790fd800 DEOPT PACKING pc=0x000000010eef2a38 sp=0x000070000746ca00
Event: 291.212 Thread 0x00007fdc790fd800 DEOPT UNPACKING pc=0x000000010e84df2b sp=0x000070000746bf30 mode 0
Event: 319.077 Thread 0x00007fdc790fd800 DEOPT PACKING pc=0x000000010eef6994 sp=0x000070000746ca40
Event: 319.077 Thread 0x00007fdc790fd800 DEOPT UNPACKING pc=0x000000010e84df2b sp=0x000070000746bf30 mode 0
Event: 346.934 Thread 0x00007fdc790fd800 DEOPT PACKING pc=0x000000010eef2a38 sp=0x000070000746ca00
Event: 346.934 Thread 0x00007fdc790fd800 DEOPT UNPACKING pc=0x000000010e84df2b sp=0x000070000746bf30 mode 0

Classes unloaded (0 events):
No events

Classes redefined (0 events):
No events

Internal exceptions (20 events):
Event: 327.830 Thread 0x00007fdc7a89a600 Exception <a 'java/lang/ArrayIndexOutOfBoundsException'{0x000000070f013820}: Index 6 out of bounds for length 6> (0x000000070f013820) 
thrown [./open/src/hotspot/share/interpreter/interpreterRuntime.cpp, line 443]
Event: 328.316 Thread 0x00007fdc7a89a600 Exception <a 'java/lang/ArrayIndexOutOfBoundsException'{0x000000070f013b70}: Index 6 out of bounds for length 6> (0x000000070f013b70) 
thrown [./open/src/hotspot/share/interpreter/interpreterRuntime.cpp, line 443]
Event: 328.575 Thread 0x00007fdc7a89a600 Exception <a 'java/lang/ArrayIndexOutOfBoundsException'{0x000000070f013ec0}: Index 6 out of bounds for length 6> (0x000000070f013ec0) 
thrown [./open/src/hotspot/share/interpreter/interpreterRuntime.cpp, line 443]
Event: 329.148 Thread 0x00007fdc7a89a600 Exception <a 'java/lang/ArrayIndexOutOfBoundsException'{0x000000070f014210}: Index 6 out of bounds for length 6> (0x000000070f014210) 
thrown [./open/src/hotspot/share/interpreter/interpreterRuntime.cpp, line 443]
Event: 329.285 Thread 0x00007fdc7a89a600 Exception <a 'java/lang/ArrayIndexOutOfBoundsException'{0x000000070f014560}: Index 6 out of bounds for length 6> (0x000000070f014560) 
thrown [./open/src/hotspot/share/interpreter/interpreterRuntime.cpp, line 443]
Event: 329.817 Thread 0x00007fdc7a89a600 Exception <a 'java/lang/ArrayIndexOutOfBoundsException'{0x000000070f0148b0}: Index 6 out of bounds for length 6> (0x000000070f0148b0) 
thrown [./open/src/hotspot/share/interpreter/interpreterRuntime.cpp, line 443]
Event: 329.958 Thread 0x00007fdc7a89a600 Exception <a 'java/lang/ArrayIndexOutOfBoundsException'{0x000000070f014c00}: Index 6 out of bounds for length 6> (0x000000070f014c00) 
thrown [./open/src/hotspot/share/interpreter/interpreterRuntime.cpp, line 443]
Event: 330.366 Thread 0x00007fdc7a89a600 Exception <a 'java/lang/ArrayIndexOutOfBoundsException'{0x000000070f014f50}: Index 6 out of bounds for length 6> (0x000000070f014f50) 
thrown [./open/src/hotspot/share/interpreter/interpreterRuntime.cpp, line 443]
Event: 330.548 Thread 0x00007fdc7a89a600 Exception <a 'java/lang/ArrayIndexOutOfBoundsException'{0x000000070f0152a0}: Index 6 out of bounds for length 6> (0x000000070f0152a0) 
thrown [./open/src/hotspot/share/interpreter/interpreterRuntime.cpp, line 443]
Event: 330.986 Thread 0x00007fdc7a89a600 Exception <a 'java/lang/ArrayIndexOutOfBoundsException'{0x000000070f0155f0}: Index 6 out of bounds for length 6> (0x000000070f0155f0) 
thrown [./open/src/hotspot/share/interpreter/interpreterRuntime.cpp, line 443]
Event: 331.725 Thread 0x00007fdc7a89a600 Exception <a 'java/lang/ArrayIndexOutOfBoundsException'{0x000000070f015940}: Index 6 out of bounds for length 6> (0x000000070f015940) 
thrown [./open/src/hotspot/share/interpreter/interpreterRuntime.cpp, line 443]
Event: 331.979 Thread 0x00007fdc7a89a600 Exception <a 'java/lang/ArrayIndexOutOfBoundsException'{0x000000070f015c90}: Index 6 out of bounds for length 6> (0x000000070f015c90) 
thrown [./open/src/hotspot/share/interpreter/interpreterRuntime.cpp, line 443]
Event: 332.003 Thread 0x00007fdc7a89a600 Exception <a 'java/lang/ArrayIndexOutOfBoundsException'{0x000000070f015fe0}: Index 6 out of bounds for length 6> (0x000000070f015fe0) 
thrown [./open/src/hotspot/share/interpreter/interpreterRuntime.cpp, line 443]
Event: 332.168 Thread 0x00007fdc7a89a600 Exception <a 'java/lang/ArrayIndexOutOfBoundsException'{0x000000070f016330}: Index 6 out of bounds for length 6> (0x000000070f016330) 
thrown [./open/src/hotspot/share/interpreter/interpreterRuntime.cpp, line 443]
Event: 332.185 Thread 0x00007fdc7a89a600 Exception <a 'java/lang/ArrayIndexOutOfBoundsException'{0x000000070f016680}: Index 6 out of bounds for length 6> (0x000000070f016680) 
thrown [./open/src/hotspot/share/interpreter/interpreterRuntime.cpp, line 443]
Event: 332.420 Thread 0x00007fdc7a89a600 Exception <a 'java/lang/ArrayIndexOutOfBoundsException'{0x000000070f0169d0}: Index 6 out of bounds for length 6> (0x000000070f0169d0) 
thrown [./open/src/hotspot/share/interpreter/interpreterRuntime.cpp, line 443]
Event: 332.446 Thread 0x00007fdc7a89a600 Exception <a 'java/lang/ArrayIndexOutOfBoundsException'{0x000000070f016d20}: Index 6 out of bounds for length 6> (0x000000070f016d20) 
thrown [./open/src/hotspot/share/interpreter/interpreterRuntime.cpp, line 443]
Event: 332.571 Thread 0x00007fdc7a89a600 Exception <a 'java/lang/ArrayIndexOutOfBoundsException'{0x000000070f017070}: Index 6 out of bounds for length 6> (0x000000070f017070) 
thrown [./open/src/hotspot/share/interpreter/interpreterRuntime.cpp, line 443]
Event: 332.622 Thread 0x00007fdc7a89a600 Exception <a 'java/lang/ArrayIndexOutOfBoundsException'{0x000000070f0173c0}: Index 6 out of bounds for length 6> (0x000000070f0173c0) 
thrown [./open/src/hotspot/share/interpreter/interpreterRuntime.cpp, line 443]
Event: 332.757 Thread 0x00007fdc7a89a600 Exception <a 'java/lang/ArrayIndexOutOfBoundsException'{0x000000070f017710}: Index 6 out of bounds for length 6> (0x000000070f017710) 
thrown [./open/src/hotspot/share/interpreter/interpreterRuntime.cpp, line 443]

Events (20 events):
Event: 195.839 Executing VM operation: HandshakeAllThreads
Event: 195.839 Executing VM operation: HandshakeAllThreads done
Event: 214.903 Executing VM operation: HandshakeAllThreads
Event: 214.903 Executing VM operation: HandshakeAllThreads done
Event: 245.012 Executing VM operation: HandshakeAllThreads
Event: 245.012 Executing VM operation: HandshakeAllThreads done
Event: 251.035 Executing VM operation: HandshakeAllThreads
Event: 251.035 Executing VM operation: HandshakeAllThreads done
Event: 335.387 Executing VM operation: HandshakeAllThreads
Event: 335.387 Executing VM operation: HandshakeAllThreads done
Event: 350.780 loading class jdk/internal/misc/Signal$1
Event: 350.780 loading class jdk/internal/misc/Signal$1 done
Event: 350.780 Thread 0x00007fdc7a85f200 Thread added: 0x00007fdc7a85f200
Event: 350.780 Protecting memory [0x0000700006fe1000,0x0000700006fe5000] with protection modes 0
Event: 350.780 Thread 0x00007fdc7a861400 Thread added: 0x00007fdc7a861400
Event: 350.780 Protecting memory [0x00007000070e4000,0x00007000070e8000] with protection modes 0
Event: 350.780 Protecting memory [0x00007000070e4000,0x00007000070e8000] with protection modes 3
Event: 350.780 Thread 0x00007fdc7a861400 Thread exited: 0x00007fdc7a861400
Event: 350.780 Protecting memory [0x00007000065c0000,0x00007000065c4000] with protection modes 3
Event: 350.780 Executing VM operation: Exit


Dynamic libraries:
0x00007fff2a575000 	/usr/lib/libz.1.dylib
0x00000001020d0000 	/Users/vincentgrasty/.p2/pool/plugins/org.eclipse.justj.openjdk.hotspot.jre.full.macosx.x86_64_15.0.2.v20210201-0955/jre/lib/libjli.dylib
0x00007fff350c7000 	/System/Library/Frameworks/Cocoa.framework/Versions/A/Cocoa
0x00007fff222ec000 	/System/Library/Frameworks/Security.framework/Versions/A/Security
0x00007fff332c4000 	/System/Library/Frameworks/ApplicationServices.framework/Versions/A/ApplicationServices
0x00007fff2a63d000 	/usr/lib/libSystem.B.dylib
0x00007fff2a637000 	/usr/lib/system/libcache.dylib
0x00007fff2a5f3000 	/usr/lib/system/libcommonCrypto.dylib
0x00007fff2a61d000 	/usr/lib/system/libcompiler_rt.dylib
0x00007fff2a612000 	/usr/lib/system/libcopyfile.dylib
0x00007fff201c0000 	/usr/lib/system/libcorecrypto.dylib
0x00007fff2028d000 	/usr/lib/system/libdispatch.dylib
0x00007fff20441000 	/usr/lib/system/libdyld.dylib
0x00007fff2a62e000 	/usr/lib/system/libkeymgr.dylib
0x00007fff2da76000 	/usr/lib/system/liblaunch.dylib
0x00007fff2a5d1000 	/usr/lib/system/libmacho.dylib
0x00007fff29deb000 	/usr/lib/system/libquarantine.dylib
0x00007fff2a62b000 	/usr/lib/system/libremovefile.dylib
0x00007fff24c83000 	/usr/lib/system/libsystem_asl.dylib
0x00007fff20170000 	/usr/lib/system/libsystem_blocks.dylib
0x00007fff2030e000 	/usr/lib/system/libsystem_c.dylib
0x00007fff2a625000 	/usr/lib/system/libsystem_collections.dylib
0x00007fff290df000 	/usr/lib/system/libsystem_configuration.dylib
0x00007fff283d2000 	/usr/lib/system/libsystem_containermanager.dylib
0x00007fff2a36d000 	/usr/lib/system/libsystem_coreservices.dylib
0x00007fff228a0000 	/usr/lib/system/libsystem_darwin.dylib
0x00007fff2a62f000 	/usr/lib/system/libsystem_dnssd.dylib
0x00007fff2030b000 	/usr/lib/system/libsystem_featureflags.dylib
0x00007fff20486000 	/usr/lib/system/libsystem_info.dylib
0x00007fff2a588000 	/usr/lib/system/libsystem_m.dylib
0x00007fff20260000 	/usr/lib/system/libsystem_malloc.dylib
0x00007fff24c17000 	/usr/lib/system/libsystem_networkextension.dylib
0x00007fff22cbb000 	/usr/lib/system/libsystem_notify.dylib
0x00007fff2ff2a000 	/usr/lib/system/libsystem_product_info_filter.dylib
0x00007fff290e3000 	/usr/lib/system/libsystem_sandbox.dylib
0x00007fff2a628000 	/usr/lib/system/libsystem_secinit.dylib
0x00007fff20406000 	/usr/lib/system/libsystem_kernel.dylib
0x00007fff2047c000 	/usr/lib/system/libsystem_platform.dylib
0x00007fff20435000 	/usr/lib/system/libsystem_pthread.dylib
0x00007fff26382000 	/usr/lib/system/libsystem_symptoms.dylib
0x00007fff201a8000 	/usr/lib/system/libsystem_trace.dylib
0x00007fff2a5ff000 	/usr/lib/system/libunwind.dylib
0x00007fff20172000 	/usr/lib/system/libxpc.dylib
0x00007fff203ed000 	/usr/lib/libc++abi.dylib
0x00007fff202d2000 	/usr/lib/libobjc.A.dylib
0x00007fff2a60a000 	/usr/lib/liboah.dylib
0x00007fff20397000 	/usr/lib/libc++.1.dylib
0x00007fff204b2000 	/System/Library/Frameworks/CoreFoundation.framework/Versions/A/CoreFoundation
0x00007fff2125f000 	/System/Library/Frameworks/Foundation.framework/Versions/C/Foundation
0x00007fff22d13000 	/System/Library/Frameworks/AppKit.framework/Versions/C/AppKit
0x00007fff25bab000 	/System/Library/Frameworks/CoreData.framework/Versions/A/CoreData
0x00007fff23a76000 	/System/Library/PrivateFrameworks/UIFoundation.framework/Versions/A/UIFoundation
0x00007fff2fca3000 	/System/Library/PrivateFrameworks/RemoteViewServices.framework/Versions/A/RemoteViewServices
0x00007fff28a9c000 	/System/Library/PrivateFrameworks/XCTTargetBootstrap.framework/Versions/A/XCTTargetBootstrap
0x00007fff2b77d000 	/usr/lib/libspindump.dylib
0x00007fff23ccb000 	/System/Library/Frameworks/UniformTypeIdentifiers.framework/Versions/A/UniformTypeIdentifiers
0x00007fff27272000 	/usr/lib/libapp_launch_measurement.dylib
0x00007fff27275000 	/System/Library/PrivateFrameworks/CoreAutoLayout.framework/Versions/A/CoreAutoLayout
0x00007fff283fe000 	/System/Library/Frameworks/Metal.framework/Versions/A/Metal
0x00007fff290ee000 	/usr/lib/liblangid.dylib
0x00007fff28aa0000 	/System/Library/PrivateFrameworks/CoreSVG.framework/Versions/A/CoreSVG
0x00007fff24cb2000 	/System/Library/PrivateFrameworks/SkyLight.framework/Versions/A/SkyLight
0x00007fff25019000 	/System/Library/Frameworks/CoreGraphics.framework/Versions/A/CoreGraphics
0x00007fff302fa000 	/System/Library/Frameworks/Accelerate.framework/Versions/A/Accelerate
0x00007fff2b1b8000 	/System/Library/PrivateFrameworks/IconServices.framework/Versions/A/IconServices
0x00007fff283e3000 	/System/Library/Frameworks/IOSurface.framework/Versions/A/IOSurface
0x00007fff26534000 	/usr/lib/libDiagnosticMessagesClient.dylib
0x00007fff28a88000 	/System/Library/PrivateFrameworks/DFRFoundation.framework/Versions/A/DFRFoundation
0x00007fff2263e000 	/usr/lib/libicucore.A.dylib
0x00007fff2ccc4000 	/System/Library/Frameworks/AudioToolbox.framework/Versions/A/AudioToolbox
0x00007fff2bf69000 	/System/Library/PrivateFrameworks/DataDetectorsCore.framework/Versions/A/DataDetectorsCore
0x00007fff28788000 	/System/Library/Frameworks/Carbon.framework/Versions/A/Frameworks/HIToolbox.framework/Versions/A/HIToolbox
0x00007fff26ccd000 	/System/Library/Frameworks/QuartzCore.framework/Versions/A/QuartzCore
0x00007fff2fcdf000 	/System/Library/Frameworks/Carbon.framework/Versions/A/Frameworks/SpeechRecognition.framework/Versions/A/SpeechRecognition
0x00007fff26fda000 	/System/Library/PrivateFrameworks/CoreUI.framework/Versions/A/CoreUI
0x00007fff21c47000 	/System/Library/Frameworks/CoreAudio.framework/Versions/A/CoreAudio
0x00007fff2661f000 	/System/Library/Frameworks/DiskArbitration.framework/Versions/A/DiskArbitration
0x00007fff2bb78000 	/System/Library/PrivateFrameworks/MultitouchSupport.framework/Versions/A/MultitouchSupport
0x00007fff2bf60000 	/System/Library/PrivateFrameworks/InternationalSupport.framework/Versions/A/InternationalSupport
0x00007fff24c26000 	/usr/lib/libenergytrace.dylib
0x00007fff22c0c000 	/System/Library/Frameworks/IOKit.framework/Versions/A/IOKit
0x00007fff3002c000 	/System/Library/Frameworks/CoreServices.framework/Versions/A/CoreServices
0x00007fff27208000 	/System/Library/PrivateFrameworks/PerformanceAnalysis.framework/Versions/A/PerformanceAnalysis
0x00007fff6c996000 	/System/Library/Frameworks/OpenGL.framework/Versions/A/OpenGL
0x00007fff2bfe5000 	/System/Library/PrivateFrameworks/UserActivity.framework/Versions/A/UserActivity
0x00007fff256ad000 	/System/Library/Frameworks/ColorSync.framework/Versions/A/ColorSync
0x00007fff28d05000 	/System/Library/Frameworks/CoreImage.framework/Versions/A/CoreImage
0x00007fff21a5e000 	/System/Library/Frameworks/CoreText.framework/Versions/A/CoreText
0x00007fff28aca000 	/System/Library/Frameworks/ImageIO.framework/Versions/A/ImageIO
0x00007fff2a643000 	/System/Library/PrivateFrameworks/SoftLinking.framework/Versions/A/SoftLinking
0x00007fff272be000 	/usr/lib/libxml2.2.dylib
0x00007fff2a8b5000 	/usr/lib/libcompression.dylib
0x00007fff24c27000 	/usr/lib/libMobileGestalt.dylib
0x00007fff2be93000 	/System/Library/PrivateFrameworks/TextureIO.framework/Versions/A/TextureIO
0x00007fff2aedb000 	/usr/lib/libate.dylib
0x00007fff2acc0000 	/usr/lib/liblzma.5.dylib
0x00007fff20f73000 	/System/Library/Frameworks/SystemConfiguration.framework/Versions/A/SystemConfiguration
0x00007fff2a63f000 	/usr/lib/libfakelink.dylib
0x00007fff24779000 	/System/Library/Frameworks/CFNetwork.framework/Versions/A/CFNetwork
0x00007fff2a77f000 	/usr/lib/libarchive.2.dylib
0x00007fff20ff1000 	/usr/lib/libCRFSuite.dylib
0x00007fff29e12000 	/usr/lib/libbsm.0.dylib
0x00007fff24135000 	/usr/lib/libnetwork.dylib
0x00007fff2a644000 	/usr/lib/libpcap.A.dylib
0x00007fff2637b000 	/usr/lib/libdns_services.dylib
0x00007fff2acd9000 	/usr/lib/libcoretls_cfhelpers.dylib
0x00007fff2a883000 	/usr/lib/libapple_nghttp2.dylib
0x00007fff2a5d7000 	/usr/lib/system/libkxld.dylib
0x00007fff25fe1000 	/usr/lib/libsqlite3.dylib
0x00007fff2a34f000 	/System/Library/PrivateFrameworks/AppleFSCompression.framework/Versions/A/AppleFSCompression
0x00007fff29dfa000 	/usr/lib/libcoretls.dylib
0x00007fff2a8b0000 	/usr/lib/libpam.2.dylib
0x00007fff2add6000 	/usr/lib/libxar.1.dylib
0x00007fff290ea000 	/System/Library/PrivateFrameworks/AppleSystemInfo.framework/Versions/A/AppleSystemInfo
0x00007fff29a3d000 	/System/Library/PrivateFrameworks/IOMobileFramebuffer.framework/Versions/A/IOMobileFramebuffer
0x00007fff2a35f000 	/usr/lib/libbz2.1.0.dylib
0x00007fff2a67c000 	/usr/lib/libiconv.2.dylib
0x00007fff2a5d0000 	/usr/lib/libcharset.1.dylib
0x00007fff27244000 	/System/Library/Frameworks/CoreServices.framework/Versions/A/Frameworks/FSEvents.framework/Versions/A/FSEvents
0x00007fff228aa000 	/System/Library/Frameworks/CoreServices.framework/Versions/A/Frameworks/CarbonCore.framework/Versions/A/CarbonCore
0x00007fff26584000 	/System/Library/Frameworks/CoreServices.framework/Versions/A/Frameworks/Metadata.framework/Versions/A/Metadata
0x00007fff2a372000 	/System/Library/Frameworks/CoreServices.framework/Versions/A/Frameworks/OSServices.framework/Versions/A/OSServices
0x00007fff2a7f1000 	/System/Library/Frameworks/CoreServices.framework/Versions/A/Frameworks/SearchKit.framework/Versions/A/SearchKit
0x00007fff26305000 	/System/Library/Frameworks/CoreServices.framework/Versions/A/Frameworks/AE.framework/Versions/A/AE
0x00007fff2094e000 	/System/Library/Frameworks/CoreServices.framework/Versions/A/Frameworks/LaunchServices.framework/Versions/A/LaunchServices
0x00007fff2ac71000 	/System/Library/Frameworks/CoreServices.framework/Versions/A/Frameworks/DictionaryServices.framework/Versions/A/DictionaryServices
0x00007fff2724d000 	/System/Library/Frameworks/CoreServices.framework/Versions/A/Frameworks/SharedFileList.framework/Versions/A/SharedFileList
0x00007fff29dee000 	/usr/lib/libCheckFix.dylib
0x00007fff24c9a000 	/System/Library/PrivateFrameworks/TCC.framework/Versions/A/TCC
0x00007fff290f0000 	/System/Library/PrivateFrameworks/CoreNLP.framework/Versions/A/CoreNLP
0x00007fff26537000 	/System/Library/PrivateFrameworks/MetadataUtilities.framework/Versions/A/MetadataUtilities
0x00007fff21027000 	/usr/lib/libmecabra.dylib
0x00007fff2a101000 	/System/Library/Frameworks/MLCompute.framework/Versions/A/MLCompute
0x00007fff29e23000 	/usr/lib/libmecab.dylib
0x00007fff29e6d000 	/usr/lib/libgermantok.dylib
0x00007fff2a859000 	/usr/lib/libThaiTokenizer.dylib
0x00007fff2ae11000 	/usr/lib/libChineseTokenizer.dylib
0x00007fff2a8ae000 	/System/Library/Frameworks/MetalPerformanceShaders.framework/Versions/A/MetalPerformanceShaders
0x00007fff26626000 	/System/Library/Frameworks/Accelerate.framework/Versions/A/Frameworks/vImage.framework/Versions/A/vImage
0x00007fff30005000 	/System/Library/Frameworks/Accelerate.framework/Versions/A/Frameworks/vecLib.framework/Versions/A/vecLib
0x00007fff2ae1c000 	/System/Library/Frameworks/Accelerate.framework/Versions/A/Frameworks/vecLib.framework/Versions/A/libvMisc.dylib
0x00007fff29856000 	/System/Library/Frameworks/Accelerate.framework/Versions/A/Frameworks/vecLib.framework/Versions/A/libvDSP.dylib
0x00007fff20c52000 	/System/Library/Frameworks/Accelerate.framework/Versions/A/Frameworks/vecLib.framework/Versions/A/libBLAS.dylib
0x00007fff2a8d4000 	/System/Library/Frameworks/Accelerate.framework/Versions/A/Frameworks/vecLib.framework/Versions/A/libLAPACK.dylib
0x00007fff29e73000 	/System/Library/Frameworks/Accelerate.framework/Versions/A/Frameworks/vecLib.framework/Versions/A/libLinearAlgebra.dylib
0x00007fff2a89b000 	/System/Library/Frameworks/Accelerate.framework/Versions/A/Frameworks/vecLib.framework/Versions/A/libSparseBLAS.dylib
0x00007fff2a8ce000 	/System/Library/Frameworks/Accelerate.framework/Versions/A/Frameworks/vecLib.framework/Versions/A/libQuadrature.dylib
0x00007fff29198000 	/System/Library/Frameworks/Accelerate.framework/Versions/A/Frameworks/vecLib.framework/Versions/A/libBNNS.dylib
0x00007fff20f04000 	/System/Library/Frameworks/Accelerate.framework/Versions/A/Frameworks/vecLib.framework/Versions/A/libSparse.dylib
0x00007fff29083000 	/System/Library/Frameworks/MetalPerformanceShaders.framework/Versions/A/Frameworks/MPSCore.framework/Versions/A/MPSCore
0x00007fff2a2be000 	/System/Library/Frameworks/MetalPerformanceShaders.framework/Versions/A/Frameworks/MPSImage.framework/Versions/A/MPSImage
0x00007fff29e89000 	/System/Library/Frameworks/MetalPerformanceShaders.framework/Versions/A/Frameworks/MPSNeuralNetwork.framework/Versions/A/MPSNeuralNetwork
0x00007fff2a249000 	/System/Library/Frameworks/MetalPerformanceShaders.framework/Versions/A/Frameworks/MPSMatrix.framework/Versions/A/MPSMatrix
0x00007fff2a0b1000 	/System/Library/Frameworks/MetalPerformanceShaders.framework/Versions/A/Frameworks/MPSRayIntersector.framework/Versions/A/MPSRayIntersector
0x00007fff2a280000 	/System/Library/Frameworks/MetalPerformanceShaders.framework/Versions/A/Frameworks/MPSNDArray.framework/Versions/A/MPSNDArray
0x00007fff20b7e000 	/System/Library/PrivateFrameworks/MetalTools.framework/Versions/A/MetalTools
0x00007fff290e8000 	/System/Library/PrivateFrameworks/AggregateDictionary.framework/Versions/A/AggregateDictionary
0x00007fff2650f000 	/System/Library/PrivateFrameworks/CoreAnalytics.framework/Versions/A/CoreAnalytics
0x00007fff2a85b000 	/System/Library/PrivateFrameworks/AppleSauce.framework/Versions/A/AppleSauce
0x00007fff283f5000 	/System/Library/PrivateFrameworks/IOAccelerator.framework/Versions/A/IOAccelerator
0x00007fff6c98a000 	/System/Library/Frameworks/OpenGL.framework/Versions/A/Libraries/libCoreFSCache.dylib
0x00007fff215c3000 	/System/Library/PrivateFrameworks/LanguageModeling.framework/Versions/A/LanguageModeling
0x00007fff29a2a000 	/System/Library/PrivateFrameworks/CoreEmoji.framework/Versions/A/CoreEmoji
0x00007fff29191000 	/System/Library/PrivateFrameworks/LinguisticData.framework/Versions/A/LinguisticData
0x00007fff20eb6000 	/System/Library/PrivateFrameworks/Lexicon.framework/Versions/A/Lexicon
0x00007fff2a76d000 	/usr/lib/libcmph.dylib
0x00007fff27224000 	/System/Library/Frameworks/OpenDirectory.framework/Versions/A/Frameworks/CFOpenDirectory.framework/Versions/A/CFOpenDirectory
0x00007fff27214000 	/System/Library/Frameworks/OpenDirectory.framework/Versions/A/OpenDirectory
0x00007fff2acdb000 	/System/Library/PrivateFrameworks/APFS.framework/Versions/A/APFS
0x00007fff29d4f000 	/System/Library/Frameworks/SecurityFoundation.framework/Versions/A/SecurityFoundation
0x00007fff2ade4000 	/usr/lib/libutil.dylib
0x00007fff22bd1000 	/System/Library/PrivateFrameworks/CoreServicesStore.framework/Versions/A/CoreServicesStore
0x00007fff29de6000 	/System/Library/Frameworks/ServiceManagement.framework/Versions/A/ServiceManagement
0x00007fff2ade8000 	/usr/lib/libxslt.1.dylib
0x00007fff29ddc000 	/System/Library/PrivateFrameworks/BackgroundTaskManagement.framework/Versions/A/BackgroundTaskManagement
0x00007fff2bddd000 	/System/Library/Frameworks/ImageIO.framework/Versions/A/Resources/libRadiance.dylib
0x00007fff2bde7000 	/System/Library/Frameworks/ImageIO.framework/Versions/A/Resources/libJPEG.dylib
0x00007fff2bd32000 	/System/Library/Frameworks/ImageIO.framework/Versions/A/Resources/libPng.dylib
0x00007fff2bd59000 	/System/Library/Frameworks/ImageIO.framework/Versions/A/Resources/libTIFF.dylib
0x00007fff2be3c000 	/System/Library/Frameworks/ImageIO.framework/Versions/A/Resources/libGIF.dylib
0x00007fff2ba95000 	/System/Library/Frameworks/ImageIO.framework/Versions/A/Resources/libJP2.dylib
0x00007fff2b17f000 	/usr/lib/libexpat.1.dylib
0x00007fff2ba4a000 	/System/Library/PrivateFrameworks/AppleJPEG.framework/Versions/A/AppleJPEG
0x00007fff2862b000 	/System/Library/PrivateFrameworks/FontServices.framework/libFontParser.dylib
0x00007fff262b9000 	/System/Library/PrivateFrameworks/RunningBoardServices.framework/Versions/A/RunningBoardServices
0x00007fff2bb74000 	/System/Library/PrivateFrameworks/WatchdogClient.framework/Versions/A/WatchdogClient
0x00007fff216b0000 	/System/Library/Frameworks/CoreDisplay.framework/Versions/A/CoreDisplay
0x00007fff28541000 	/System/Library/Frameworks/CoreMedia.framework/Versions/A/CoreMedia
0x00007fff273a1000 	/System/Library/Frameworks/CoreVideo.framework/Versions/A/CoreVideo
0x00007fff2bbac000 	/System/Library/Frameworks/VideoToolbox.framework/Versions/A/VideoToolbox
0x00007fff26237000 	/System/Library/PrivateFrameworks/BaseBoard.framework/Versions/A/BaseBoard
0x00007fff2b2c4000 	/System/Library/PrivateFrameworks/PersistentConnection.framework/Versions/A/PersistentConnection
0x00007fff25fca000 	/System/Library/PrivateFrameworks/ProtocolBuffer.framework/Versions/A/ProtocolBuffer
0x00007fff2621e000 	/System/Library/PrivateFrameworks/CommonUtilities.framework/Versions/A/CommonUtilities
0x00007fff2b9df000 	/System/Library/PrivateFrameworks/Bom.framework/Versions/A/Bom
0x00007fff2bdd6000 	/System/Library/PrivateFrameworks/GPUWrangler.framework/Versions/A/GPUWrangler
0x00007fff2bdb9000 	/System/Library/PrivateFrameworks/IOPresentment.framework/Versions/A/IOPresentment
0x00007fff2bde1000 	/System/Library/PrivateFrameworks/DSExternalDisplay.framework/Versions/A/DSExternalDisplay
0x00007fff2be41000 	/System/Library/PrivateFrameworks/CMCaptureCore.framework/Versions/A/CMCaptureCore
0x00007fff2b764000 	/System/Library/PrivateFrameworks/AppServerSupport.framework/Versions/A/AppServerSupport
0x00007fff2d815000 	/System/Library/PrivateFrameworks/perfdata.framework/Versions/A/perfdata
0x00007fff29d3e000 	/System/Library/PrivateFrameworks/AssertionServices.framework/Versions/A/AssertionServices
0x00007fff217e7000 	/System/Library/PrivateFrameworks/AudioToolboxCore.framework/Versions/A/AudioToolboxCore
0x00007fff28524000 	/System/Library/PrivateFrameworks/caulk.framework/Versions/A/caulk
0x00007fff3d4c0000 	/System/Library/PrivateFrameworks/SystemPolicy.framework/Versions/A/SystemPolicy
0x00007fff2af74000 	/usr/lib/libIOReport.dylib
0x00007fff2d037000 	/usr/lib/libSMC.dylib
0x00007fff2bcff000 	/usr/lib/libAudioToolboxUtility.dylib
0x00007fff3de2a000 	/usr/lib/libmis.dylib
0x00007fff6c9e6000 	/System/Library/Frameworks/OpenGL.framework/Versions/A/Libraries/libGLU.dylib
0x00007fff6c9a9000 	/System/Library/Frameworks/OpenGL.framework/Versions/A/Libraries/libGFXShared.dylib
0x00007fff6cbb8000 	/System/Library/Frameworks/OpenGL.framework/Versions/A/Libraries/libGL.dylib
0x00007fff6c9b2000 	/System/Library/Frameworks/OpenGL.framework/Versions/A/Libraries/libGLImage.dylib
0x00007fff6c9a6000 	/System/Library/Frameworks/OpenGL.framework/Versions/A/Libraries/libCVMSPluginSupport.dylib
0x00007fff6c991000 	/System/Library/Frameworks/OpenGL.framework/Versions/A/Libraries/libCoreVMClient.dylib
0x00007fff6dff9000 	/System/Library/Frameworks/OpenCL.framework/Versions/A/OpenCL
0x00007fff2b2ee000 	/System/Library/PrivateFrameworks/GraphVisualizer.framework/Versions/A/GraphVisualizer
0x00007fff2b2fd000 	/System/Library/PrivateFrameworks/FaceCore.framework/Versions/A/FaceCore
0x00007fff2b719000 	/System/Library/PrivateFrameworks/OTSVG.framework/Versions/A/OTSVG
0x00007fff26f98000 	/System/Library/Frameworks/ApplicationServices.framework/Versions/A/Frameworks/ATS.framework/Versions/A/Resources/libFontRegistry.dylib
0x00007fff2b76b000 	/System/Library/PrivateFrameworks/FontServices.framework/libhvf.dylib
0x00007fff2b12b000 	/System/Library/PrivateFrameworks/AppleVA.framework/Versions/A/AppleVA
0x00007fff2ce80000 	/System/Library/Frameworks/ApplicationServices.framework/Versions/A/Frameworks/ATS.framework/Versions/A/ATS
0x00007fff2d192000 	/System/Library/Frameworks/ApplicationServices.framework/Versions/A/Frameworks/ColorSyncLegacy.framework/Versions/A/ColorSyncLegacy
0x00007fff257a4000 	/System/Library/Frameworks/ApplicationServices.framework/Versions/A/Frameworks/HIServices.framework/Versions/A/HIServices
0x00007fff2d177000 	/System/Library/Frameworks/ApplicationServices.framework/Versions/A/Frameworks/LangAnalysis.framework/Versions/A/LangAnalysis
0x00007fff2be4b000 	/System/Library/Frameworks/ApplicationServices.framework/Versions/A/Frameworks/PrintCore.framework/Versions/A/PrintCore
0x00007fff2d19a000 	/System/Library/Frameworks/ApplicationServices.framework/Versions/A/Frameworks/QD.framework/Versions/A/QD
0x00007fff2ce70000 	/System/Library/Frameworks/ApplicationServices.framework/Versions/A/Frameworks/SpeechSynthesis.framework/Versions/A/SpeechSynthesis
0x00007fff2be0c000 	/System/Library/Frameworks/ApplicationServices.framework/Versions/A/Frameworks/ATSUI.framework/Versions/A/ATSUI
0x00007fff2d117000 	/usr/lib/libcups.2.dylib
0x00007fff2d187000 	/System/Library/PrivateFrameworks/NetAuth.framework/Versions/A/NetAuth
0x00007fff2d831000 	/System/Library/Frameworks/Kerberos.framework/Versions/A/Kerberos
0x00007fff2d841000 	/System/Library/Frameworks/GSS.framework/Versions/A/GSS
0x00007fff2ceec000 	/usr/lib/libresolv.9.dylib
0x00007fff2b780000 	/System/Library/PrivateFrameworks/Heimdal.framework/Versions/A/Heimdal
0x00007fff335c5000 	/System/Library/Frameworks/Kerberos.framework/Versions/A/Libraries/libHeimdalProxy.dylib
0x00007fff2638a000 	/System/Library/Frameworks/Network.framework/Versions/A/Network
0x00007fff2b199000 	/usr/lib/libheimdal-asn1.dylib
0x00007fff2d891000 	/System/Library/PrivateFrameworks/CommonAuth.framework/Versions/A/CommonAuth
0x00007fff273ee000 	/System/Library/PrivateFrameworks/login.framework/Versions/A/Frameworks/loginsupport.framework/Versions/A/loginsupport
0x00007fff2cdf5000 	/System/Library/PrivateFrameworks/AudioSession.framework/Versions/A/AudioSession
0x00007fff2ce5d000 	/usr/lib/libAudioStatistics.dylib
0x00007fff2b226000 	/System/Library/PrivateFrameworks/MediaExperience.framework/Versions/A/MediaExperience
0x00007fff2cc92000 	/System/Library/PrivateFrameworks/AudioSession.framework/libSessionUtility.dylib
0x00007fff2d822000 	/usr/lib/libperfcheck.dylib
0x00007fff2d1a6000 	/System/Library/PrivateFrameworks/AudioResourceArbitration.framework/Versions/A/AudioResourceArbitration
0x00007fff2b1a3000 	/System/Library/PrivateFrameworks/IconFoundation.framework/Versions/A/IconFoundation
0x00007fff2fccf000 	/System/Library/PrivateFrameworks/SpeechRecognitionCore.framework/Versions/A/SpeechRecognitionCore
0x0000000102100000 	/Users/vincentgrasty/.p2/pool/plugins/org.eclipse.justj.openjdk.hotspot.jre.full.macosx.x86_64_15.0.2.v20210201-0955/jre/lib/server/libjvm.dylib
0x00000001030d3000 	/Users/vincentgrasty/.p2/pool/plugins/org.eclipse.justj.openjdk.hotspot.jre.full.macosx.x86_64_15.0.2.v20210201-0955/jre/lib/libjimage.dylib
0x0000000103127000 	/Users/vincentgrasty/.p2/pool/plugins/org.eclipse.justj.openjdk.hotspot.jre.full.macosx.x86_64_15.0.2.v20210201-0955/jre/lib/libjava.dylib
0x0000000107d50000 	/Users/vincentgrasty/.p2/pool/plugins/org.eclipse.justj.openjdk.hotspot.jre.full.macosx.x86_64_15.0.2.v20210201-0955/jre/lib/libzip.dylib
0x0000000107d6f000 	/Users/vincentgrasty/.p2/pool/plugins/org.eclipse.justj.openjdk.hotspot.jre.full.macosx.x86_64_15.0.2.v20210201-0955/jre/lib/libnio.dylib
0x0000000107d83000 	/Users/vincentgrasty/.p2/pool/plugins/org.eclipse.justj.openjdk.hotspot.jre.full.macosx.x86_64_15.0.2.v20210201-0955/jre/lib/libnet.dylib
0x0000000107d9c000 	/Users/vincentgrasty/.p2/pool/plugins/org.eclipse.justj.openjdk.hotspot.jre.full.macosx.x86_64_15.0.2.v20210201-0955/jre/lib/libjsound.dylib
0x00007fff33678000 	/System/Library/Frameworks/AudioUnit.framework/Versions/A/AudioUnit
0x00007fff34fb5000 	/System/Library/Frameworks/CoreMIDI.framework/Versions/A/CoreMIDI
0x0000000107dc9000 	/Users/vincentgrasty/.p2/pool/plugins/org.eclipse.justj.openjdk.hotspot.jre.full.macosx.x86_64_15.0.2.v20210201-0955/jre/lib/libprefs.dylib
0x0000000107dd4000 	/System/Library/Components/CoreAudio.component/Contents/MacOS/CoreAudio


VM Arguments:
jvm_args: -Dfile.encoding=UTF-8 -XX:+ShowCodeDetailsInExceptionMessages 
java_command: reader.Main
java_class_path (initial): /Users/vincentgrasty/eclipse-workspace/MIDIReader/bin
Launcher Type: SUN_STANDARD

[Global flags]
     intx CICompilerCount                          = 4                                         {product} {ergonomic}
     uint ConcGCThreads                            = 3                                         {product} {ergonomic}
     uint G1ConcRefinementThreads                  = 10                                        {product} {ergonomic}
   size_t G1HeapRegionSize                         = 2097152                                   {product} {ergonomic}
    uintx GCDrainStackTargetSize                   = 64                                        {product} {ergonomic}
   size_t InitialHeapSize                          = 268435456                                 {product} {ergonomic}
   size_t MarkStackSize                            = 4194304                                   {product} {ergonomic}
   size_t MaxHeapSize                              = 4294967296                                {product} {ergonomic}
   size_t MaxNewSize                               = 2575302656                                {product} {ergonomic}
   size_t MinHeapDeltaBytes                        = 2097152                                   {product} {ergonomic}
   size_t MinHeapSize                              = 8388608                                   {product} {ergonomic}
    uintx NonNMethodCodeHeapSize                   = 5839372                                {pd product} {ergonomic}
    uintx NonProfiledCodeHeapSize                  = 122909434                              {pd product} {ergonomic}
    uintx ProfiledCodeHeapSize                     = 122909434                              {pd product} {ergonomic}
    uintx ReservedCodeCacheSize                    = 251658240                              {pd product} {ergonomic}
     bool SegmentedCodeCache                       = true                                      {product} {ergonomic}
     bool ShowCodeDetailsInExceptionMessages       = true                                   {manageable} {command line}
   size_t SoftMaxHeapSize                          = 4294967296                             {manageable} {ergonomic}
     bool UseCompressedClassPointers               = true                                 {lp64_product} {ergonomic}
     bool UseCompressedOops                        = true                                 {lp64_product} {ergonomic}
     bool UseG1GC                                  = true                                      {product} {ergonomic}
     bool UseNUMA                                  = false                                     {product} {ergonomic}
     bool UseNUMAInterleaving                      = false                                     {product} {ergonomic}

Logging:
Log output configuration:
 #0: 
[error occurred during error reporting (printing log configuration), id 0xb, SIGSEGV (0xb) at pc=0x0000441f0f66ffe0]

Environment Variables:
PATH=/usr/bin:/bin:/usr/sbin:/sbin
SHELL=/bin/zsh

Signal Handlers:
SIGSEGV: [libjvm.dylib+0xa01020], sa_mask[0]=11111111011111110111111111111111, sa_flags=SA_ONSTACK|SA_RESTART|SA_SIGINFO
SIGBUS: [libjvm.dylib+0xa01020], sa_mask[0]=11111111011111110111111111111111, sa_flags=SA_RESTART|SA_SIGINFO
SIGFPE: [libjvm.dylib+0xa01020], sa_mask[0]=11111111011111110111111111111111, sa_flags=SA_RESTART|SA_SIGINFO
SIGPIPE: [libjvm.dylib+0x82c500], sa_mask[0]=11111111011111110111111111111111, sa_flags=SA_RESTART|SA_SIGINFO
SIGXFSZ: [libjvm.dylib+0x82c500], sa_mask[0]=11111111011111110111111111111111, sa_flags=SA_RESTART|SA_SIGINFO
SIGILL: [libjvm.dylib+0xa01020], sa_mask[0]=11111111011111110111111111111111, sa_flags=SA_RESTART|SA_SIGINFO
SIGUSR2: [libjvm.dylib+0x82d010], sa_mask[0]=00100000000000000000000000000000, sa_flags=SA_RESTART|SA_SIGINFO
SIGHUP: [libjvm.dylib+0x82b710], sa_mask[0]=11111111011111110111111111111111, sa_flags=SA_RESTART|SA_SIGINFO
SIGINT: [libjvm.dylib+0x82b710], sa_mask[0]=11111111011111110111111111111111, sa_flags=SA_RESTART|SA_SIGINFO
SIGTERM: [libjvm.dylib+0x82b710], sa_mask[0]=11111111011111110111111111111111, sa_flags=SA_RESTART|SA_SIGINFO
SIGQUIT: [libjvm.dylib+0x82b710], sa_mask[0]=11111111011111110111111111111111, sa_flags=SA_RESTART|SA_SIGINFO


---------------  S Y S T E M  ---------------

OS:uname: Darwin 20.3.0 Darwin Kernel Version 20.3.0: Thu Jan 21 00:07:06 PST 2021; root:xnu-7195.81.3~1/RELEASE_X86_64 x86_64
OS uptime: 0 days 1:49 hours
rlimit (soft/hard): STACK 8192k/65532k , CORE 0k/infinity , NPROC 2784/4176 , NOFILE 10240/infinity , AS infinity/infinity , CPU infinity/infinity , DATA infinity/infinity , FSIZE infinity/infinity , MEMLOCK infinity/infinity , RSS infinity/infinity
load average: 2.00 1.76 1.75

CPU: total 12 (initial active 12) (6 cores per cpu, 2 threads per core) family 6 model 158 stepping 10 microcode 0xde, cmov, cx8, fxsr, mmx, sse, sse2, sse3, ssse3, sse4.1, sse4.2, popcnt, vzeroupper, avx, avx2, aes, clmul, erms, 3dnowpref, lzcnt, ht, tsc, tscinvbit, bmi1, bmi2, adx, fma, clflush, clflushopt

Memory: 4k page, physical 16777216k(1524940k free), swap 0k(0k free)

vm_info: OpenJDK 64-Bit Server VM (15.0.2+7-27) for bsd-amd64 JRE (15.0.2+7-27), built on Dec  7 2020 20:01:12 by "mach5one" with clang 4.2.1 Compatible Apple LLVM 10.0.0 (clang-1000.11.45.5)

END.
